proguard/seeds.txt
com.fengyang.stu.MainActivity
com.fengyang.stu.MainActivity: MainActivity()
com.fengyang.stu.MainActivity$6: void onClick(android.content.DialogInterface,int)
com.fengyang.stu.MainActivity$7: void onClick(android.content.DialogInterface,int)
com.fengyang.stu.MainActivity$8: void onClick(android.content.DialogInterface,int)
com.fengyang.stu.MainActivity$9: void onClick(android.content.DialogInterface,int)
com.fengyang.stu.NavigationDrawerFragment
com.fengyang.stu.NavigationDrawerFragment: NavigationDrawerFragment()
com.fengyang.stu.StuApplication
com.fengyang.stu.StuApplication: StuApplication()
com.fengyang.stu.WebViewActivity
com.fengyang.stu.WebViewActivity: WebViewActivity()
...
com.fengyang.activity.ReportSecondHandActivity
com.fengyang.activity.ReportSecondHandActivity: ReportSecondHandActivity()
com.fengyang.activity.ReportSecondHandActivity: void onClick(android.view.View)
com.fengyang.activity.SecondDetailActivity
com.fengyang.activity.SecondDetailActivity: SecondDetailActivity()
com.fengyang.activity.SecondDetailActivity: void onClick(android.view.View)
com.fengyang.activity.SecondDetailActivity$11: void onClick(android.content.DialogInterface,int)
com.fengyang.activity.SecondDetailActivity$12: void onClick(android.content.DialogInterface,int)
com.fengyang.activity.SecondDetailActivity$13: void onClick(android.content.DialogInterface,int)
com.fengyang.activity.SecondDetailActivity$2: void onClick(android.content.DialogInterface,int)
com.fengyang.activity.SecondDetailActivity$8: void onClick(android.view.View)
com.fengyang.activity.SecondDetailEditActivity
com.fengyang.activity.SecondDetailEditActivity: SecondDetailEditActivity()
com.fengyang.activity.SecondDetailEditActivity: void onClick(android.view.View)
com.fengyang.activity.SecondDetailEditActivity$1: void onClick(android.view.View)
com.fengyang.activity.SecondDetailEditActivity$7: void onClick(android.content.DialogInterface,int)
com.fengyang.activity.SecondDetailHistoryActivity
com.fengyang.activity.SecondDetailHistoryActivity: SecondDetailHistoryActivity()
com.fengyang.activity.SecondDetailHistoryActivity: void onClick(android.view.View)
com.fengyang.activity.SecondDetailHistoryActivity$10: void onClick(android.content.DialogInterface,int)
com.fengyang.activity.SecondDetailHistoryActivity$9: void onClick(android.content.DialogInterface,int)
com.fengyang.activity.SecondHandActivity
com.fengyang.activity.SecondHandActivity: SecondHandActivity()
com.fengyang.activity.ShareActivity
com.fengyang.activity.ShareActivity: ShareActivity()
com.fengyang.activity.ShareActivity$1: void onClick(android.view.View)
com.fengyang.activity.ShaveActivity
com.fengyang.activity.ShaveActivity: ShaveActivity()
com.fengyang.activity.SignActivity
com.fengyang.activity.SignActivity: SignActivity()
com.fengyang.activity.SignActivity: void onClick(android.view.View)
com.fengyang.activity.VersionInfoActivity
com.fengyang.activity.VersionInfoActivity: VersionInfoActivity()
com.fengyang.activity.WelcomeActivity
com.fengyang.activity.WelcomeActivity: WelcomeActivity()
com.fengyang.activity.WelcomeActivity$1: void onClick(android.view.View)
com.fengyang.adapter.PartCollectAdapter$1: void onClick(android.view.View)
com.fengyang.adapter.SecondCollectAdapter$2: void onClick(android.view.View)
com.fengyang.customLib.DetailSildeView
com.fengyang.customLib.DetailSildeView: DetailSildeView(android.content.Context,android.util.AttributeSet,int)
com.fengyang.customLib.DetailSildeView: DetailSildeView(android.content.Context,android.util.AttributeSet)
com.fengyang.customLib.DetailSildeView: DetailSildeView(android.content.Context)
com.fengyang.customLib.DetailSildeView: void onClick(android.view.View)
com.fengyang.customLib.DiySearchView$2: void onClick(android.view.View)
com.fengyang.customLib.DynamicListView
com.fengyang.customLib.DynamicListView: DynamicListView(android.content.Context,android.util.AttributeSet,int)
com.fengyang.customLib.DynamicListView: DynamicListView(android.content.Context,android.util.AttributeSet)
com.fengyang.customLib.DynamicListView: DynamicListView(android.content.Context)
com.fengyang.customLib.ExpandGridView
com.fengyang.customLib.ExpandGridView: ExpandGridView(android.content.Context,android.util.AttributeSet,int)
com.fengyang.customLib.ExpandGridView: ExpandGridView(android.content.Context,android.util.AttributeSet)
com.fengyang.customLib.ExpandGridView: ExpandGridView(android.content.Context)