proguard/usage.txt
com.fengyang.stu.BuildConfig
com.fengyang.stu.MainActivity:
    private static final int MAIN_REQUEST_CHOOSE_AREA
    public static final int XML_HASHMAP
    private static final int MSG_LENGTH
    public static final int MSG_DOWN
    public static final int MSG_PROGRESS
    public static final int MSG_SEELP
    public static final int XML_DOWN
    public static final int NOTIFICATION_ID
    public static final int THREAD_TIME
    public static final float FLOAT_SIZE
    public static final int INT_ONE
    public static final java.lang.String ACTION_SHOW_DIALOG
    public static final java.lang.String ACTION_STOP_MOFY
    public static final java.lang.String ACTION_DELETE_MOFY
    public static final java.lang.String EXTRA_DIALOG_TITLE
    public static final java.lang.String EXTRA_DIALOG_CONTENT
    public static final java.lang.String MainActivity_HAND_MOVEMENT
    public static final int REQUEST_LOGIN
    private static final java.lang.String TAG
    1059:1068:private void chooseArea()
com.fengyang.stu.NavigationDrawerFragment:
    private static final java.lang.String PREF_USER_LEARNED_DRAWER
com.fengyang.stu.R
com.fengyang.stu.R$anim
com.fengyang.stu.R$array
com.fengyang.stu.R$attr
com.fengyang.stu.R$color
com.fengyang.stu.R$dimen
com.fengyang.stu.R$drawable
com.fengyang.stu.R$id
com.fengyang.stu.R$layout
com.fengyang.stu.R$menu
com.fengyang.stu.R$string
com.fengyang.stu.R$style
com.fengyang.stu.R$styleable
com.fengyang.stu.StuApplication:
    107:107:public com.fengyang.entity.OubaArea getProvice()
    115:115:public com.fengyang.entity.OubaArea getCity()
    123:123:public com.fengyang.entity.OubaArea getDistrct()
com.fengyang.stu.WebViewActivity:
    protected static final java.lang.String TAG
    public static final java.lang.String KEY_WEB_TITLE
    public static final java.lang.String KEY_WEB_URL
...
ytx.org.apache.http.impl.cookie.RFC2965VersionAttributeHandler
ytx.org.apache.http.impl.entity.DisallowIdentityContentLengthStrategy
ytx.org.apache.http.impl.entity.EntityDeserializer
ytx.org.apache.http.impl.entity.EntitySerializer
ytx.org.apache.http.impl.entity.LaxContentLengthStrategy
ytx.org.apache.http.impl.entity.StrictContentLengthStrategy
ytx.org.apache.http.impl.io.AbstractMessageParser
ytx.org.apache.http.impl.io.AbstractMessageWriter
ytx.org.apache.http.impl.io.AbstractSessionInputBuffer
ytx.org.apache.http.impl.io.AbstractSessionOutputBuffer
ytx.org.apache.http.impl.io.ChunkedInputStream
ytx.org.apache.http.impl.io.ChunkedOutputStream
ytx.org.apache.http.impl.io.ContentLengthInputStream
ytx.org.apache.http.impl.io.ContentLengthOutputStream
ytx.org.apache.http.impl.io.DefaultHttpRequestParser
ytx.org.apache.http.impl.io.DefaultHttpResponseParser
ytx.org.apache.http.impl.io.HttpRequestParser
ytx.org.apache.http.impl.io.HttpRequestWriter
ytx.org.apache.http.impl.io.HttpResponseParser
ytx.org.apache.http.impl.io.HttpResponseWriter
ytx.org.apache.http.impl.io.HttpTransportMetricsImpl
ytx.org.apache.http.impl.io.IdentityInputStream
ytx.org.apache.http.impl.io.IdentityOutputStream
ytx.org.apache.http.impl.io.SocketInputBuffer
ytx.org.apache.http.impl.io.SocketOutputBuffer
ytx.org.apache.http.impl.pool.BasicConnFactory
ytx.org.apache.http.impl.pool.BasicConnPool
ytx.org.apache.http.impl.pool.BasicPoolEntry
ytx.org.apache.http.io.BufferInfo
ytx.org.apache.http.io.EofSensor
ytx.org.apache.http.io.HttpMessageParser
ytx.org.apache.http.io.HttpMessageWriter
ytx.org.apache.http.io.HttpTransportMetrics
ytx.org.apache.http.io.SessionInputBuffer
ytx.org.apache.http.io.SessionOutputBuffer
ytx.org.apache.http.message.AbstractHttpMessage
ytx.org.apache.http.message.BasicHeader
ytx.org.apache.http.message.BasicHeaderElement
ytx.org.apache.http.message.BasicHeaderElementIterator
ytx.org.apache.http.message.BasicHeaderIterator
ytx.org.apache.http.message.BasicHeaderValueFormatter
ytx.org.apache.http.message.BasicHeaderValueParser
ytx.org.apache.http.message.BasicHttpEntityEnclosingRequest
ytx.org.apache.http.message.BasicHttpRequest
ytx.org.apache.http.message.BasicHttpResponse
ytx.org.apache.http.message.BasicLineFormatter
ytx.org.apache.http.message.BasicLineParser
ytx.org.apache.http.message.BasicListHeaderIterator
ytx.org.apache.http.message.BasicNameValuePair
ytx.org.apache.http.message.BasicRequestLine
ytx.org.apache.http.message.BasicStatusLine
ytx.org.apache.http.message.BasicTokenIterator
ytx.org.apache.http.message.BufferedHeader
ytx.org.apache.http.message.HeaderGroup
ytx.org.apache.http.message.HeaderValueFormatter
ytx.org.apache.http.message.HeaderValueParser
ytx.org.apache.http.message.LineFormatter
ytx.org.apache.http.message.LineParser
ytx.org.apache.http.message.ParserCursor
ytx.org.apache.http.params.AbstractHttpParams
ytx.org.apache.http.params.BasicHttpParams
ytx.org.apache.http.params.CoreConnectionPNames
ytx.org.apache.http.params.CoreProtocolPNames
ytx.org.apache.http.params.DefaultedHttpParams
ytx.org.apache.http.params.HttpAbstractParamBean
ytx.org.apache.http.params.HttpConnectionParamBean
ytx.org.apache.http.params.HttpConnectionParams
ytx.org.apache.http.params.HttpParams
ytx.org.apache.http.params.HttpParamsNames
ytx.org.apache.http.params.HttpProtocolParamBean
ytx.org.apache.http.params.HttpProtocolParams
ytx.org.apache.http.params.SyncBasicHttpParams
ytx.org.apache.http.pool.AbstractConnPool
ytx.org.apache.http.pool.AbstractConnPool$1
ytx.org.apache.http.pool.AbstractConnPool$2
ytx.org.apache.http.pool.ConnFactory
ytx.org.apache.http.pool.ConnPool
ytx.org.apache.http.pool.ConnPoolControl
ytx.org.apache.http.pool.PoolEntry
ytx.org.apache.http.pool.PoolEntryFuture
ytx.org.apache.http.pool.PoolStats
ytx.org.apache.http.pool.RouteSpecificPool
ytx.org.apache.http.protocol.BasicHttpContext